[2026-01-28T09:11:34.588Z] Step: Generating (Fallback) | Error: WebSocket inactivity timeout - no response from server | Stack: Error: WebSocket inactivity timeout - no response from server
    at Timeout._onTimeout (/Users/lijiahao/yasi/.next/dev/server/chunks/node_modules_25125bf1._.js:18831:28)
    at listOnTimeout (node:internal/timers:594:17)
    at process.processTimers (node:internal/timers:529:7)
[2026-02-04T15:49:55.564Z] Step: Getting Buffer | Error: No audio data available. Did you run synthesize() first? | Stack: Error: No audio data available. Did you run synthesize() first?
    at EdgeTTS.toBuffer (/Users/lijiahao/yasi/.next/dev/server/chunks/node_modules_03c0f4c0._.js:13519:19)
    at POST (/Users/lijiahao/yasi/.next/dev/server/chunks/[root-of-the-server]__9a0630bf._.js:180:33)
    at async AppRouteRouteModule.do (/Users/lijiahao/yasi/node_modules/next/dist/compiled/next-server/app-route-turbo.runtime.dev.js:5:37866)
    at async AppRouteRouteModule.handle (/Users/lijiahao/yasi/node_modules/next/dist/compiled/next-server/app-route-turbo.runtime.dev.js:5:45156)
    at async responseGenerator (/Users/lijiahao/yasi/.next/dev/server/chunks/node_modules_25125bf1._.js:19371:38)
    at async AppRouteRouteModule.handleResponse (/Users/lijiahao/yasi/node_modules/next/dist/compiled/next-server/app-route-turbo.runtime.dev.js:1:187713)
    at async handleResponse (/Users/lijiahao/yasi/.next/dev/server/chunks/node_modules_25125bf1._.js:19434:32)
    at async Module.handler (/Users/lijiahao/yasi/.next/dev/server/chunks/node_modules_25125bf1._.js:19487:13)
    at async DevServer.renderToResponseWithComponentsImpl (/Users/lijiahao/yasi/node_modules/next/dist/server/base-server.js:1422:9)
    at async DevServer.renderPageComponent (/Users/lijiahao/yasi/node_modules/next/dist/server/base-server.js:1474:24)
    at async DevServer.renderToResponseImpl (/Users/lijiahao/yasi/node_modules/next/dist/server/base-server.js:1524:32)
    at async DevServer.pipeImpl (/Users/lijiahao/yasi/node_modules/next/dist/server/base-server.js:1018:25)
    at async NextNodeServer.handleCatchallRenderRequest (/Users/lijiahao/yasi/node_modules/next/dist/server/next-server.js:395:17)
    at async DevServer.handleRequestImpl (/Users/lijiahao/yasi/node_modules/next/dist/server/base-server.js:909:17)
    at async /Users/lijiahao/yasi/node_modules/next/dist/server/dev/next-dev-server.js:387:20
    at async Span.traceAsyncFn (/Users/lijiahao/yasi/node_modules/next/dist/trace/trace.js:157:20)
    at async DevServer.handleRequest (/Users/lijiahao/yasi/node_modules/next/dist/server/dev/next-dev-server.js:383:24)
    at async invokeRender (/Users/lijiahao/yasi/node_modules/next/dist/server/lib/router-server.js:248:21)
    at async handleRequest (/Users/lijiahao/yasi/node_modules/next/dist/server/lib/router-server.js:447:24)
    at async requestHandlerImpl (/Users/lijiahao/yasi/node_modules/next/dist/server/lib/router-server.js:496:13)
    at async Server.requestListener (/Users/lijiahao/yasi/node_modules/next/dist/server/lib/start-server.js:226:13)
[2026-03-13T10:21:29.136Z] Step: Getting Buffer | Error: Generated audio buffer is empty | Stack: Error: Generated audio buffer is empty
    at POST (/Users/lijiahao/yasi/.next/dev/server/chunks/[root-of-the-server]__9a0630bf._.js:182:19)
    at async AppRouteRouteModule.do (/Users/lijiahao/yasi/node_modules/next/dist/compiled/next-server/app-route-turbo.runtime.dev.js:5:37866)
    at async AppRouteRouteModule.handle (/Users/lijiahao/yasi/node_modules/next/dist/compiled/next-server/app-route-turbo.runtime.dev.js:5:45156)
    at async responseGenerator (/Users/lijiahao/yasi/.next/dev/server/chunks/node_modules_25125bf1._.js:19371:38)
    at async AppRouteRouteModule.handleResponse (/Users/lijiahao/yasi/node_modules/next/dist/compiled/next-server/app-route-turbo.runtime.dev.js:1:187713)
    at async handleResponse (/Users/lijiahao/yasi/.next/dev/server/chunks/node_modules_25125bf1._.js:19434:32)
    at async Module.handler (/Users/lijiahao/yasi/.next/dev/server/chunks/node_modules_25125bf1._.js:19487:13)
    at async DevServer.renderToResponseWithComponentsImpl (/Users/lijiahao/yasi/node_modules/next/dist/server/base-server.js:1422:9)
    at async DevServer.renderPageComponent (/Users/lijiahao/yasi/node_modules/next/dist/server/base-server.js:1474:24)
    at async DevServer.renderToResponseImpl (/Users/lijiahao/yasi/node_modules/next/dist/server/base-server.js:1524:32)
    at async DevServer.pipeImpl (/Users/lijiahao/yasi/node_modules/next/dist/server/base-server.js:1018:25)
    at async NextNodeServer.handleCatchallRenderRequest (/Users/lijiahao/yasi/node_modules/next/dist/server/next-server.js:395:17)
    at async DevServer.handleRequestImpl (/Users/lijiahao/yasi/node_modules/next/dist/server/base-server.js:909:17)
    at async /Users/lijiahao/yasi/node_modules/next/dist/server/dev/next-dev-server.js:387:20
    at async Span.traceAsyncFn (/Users/lijiahao/yasi/node_modules/next/dist/trace/trace.js:157:20)
    at async DevServer.handleRequest (/Users/lijiahao/yasi/node_modules/next/dist/server/dev/next-dev-server.js:383:24)
    at async invokeRender (/Users/lijiahao/yasi/node_modules/next/dist/server/lib/router-server.js:248:21)
    at async handleRequest (/Users/lijiahao/yasi/node_modules/next/dist/server/lib/router-server.js:447:24)
    at async requestHandlerImpl (/Users/lijiahao/yasi/node_modules/next/dist/server/lib/router-server.js:496:13)
    at async Server.requestListener (/Users/lijiahao/yasi/node_modules/next/dist/server/lib/start-server.js:226:13)
[2026-03-13T10:21:36.884Z] Step: Getting Buffer | Error: Generated audio buffer is empty | Stack: Error: Generated audio buffer is empty
    at POST (/Users/lijiahao/yasi/.next/dev/server/chunks/[root-of-the-server]__9a0630bf._.js:182:19)
    at async AppRouteRouteModule.do (/Users/lijiahao/yasi/node_modules/next/dist/compiled/next-server/app-route-turbo.runtime.dev.js:5:37866)
    at async AppRouteRouteModule.handle (/Users/lijiahao/yasi/node_modules/next/dist/compiled/next-server/app-route-turbo.runtime.dev.js:5:45156)
    at async responseGenerator (/Users/lijiahao/yasi/.next/dev/server/chunks/node_modules_25125bf1._.js:19371:38)
    at async AppRouteRouteModule.handleResponse (/Users/lijiahao/yasi/node_modules/next/dist/compiled/next-server/app-route-turbo.runtime.dev.js:1:187713)
    at async handleResponse (/Users/lijiahao/yasi/.next/dev/server/chunks/node_modules_25125bf1._.js:19434:32)
    at async Module.handler (/Users/lijiahao/yasi/.next/dev/server/chunks/node_modules_25125bf1._.js:19487:13)
    at async DevServer.renderToResponseWithComponentsImpl (/Users/lijiahao/yasi/node_modules/next/dist/server/base-server.js:1422:9)
    at async DevServer.renderPageComponent (/Users/lijiahao/yasi/node_modules/next/dist/server/base-server.js:1474:24)
    at async DevServer.renderToResponseImpl (/Users/lijiahao/yasi/node_modules/next/dist/server/base-server.js:1524:32)
    at async DevServer.pipeImpl (/Users/lijiahao/yasi/node_modules/next/dist/server/base-server.js:1018:25)
    at async NextNodeServer.handleCatchallRenderRequest (/Users/lijiahao/yasi/node_modules/next/dist/server/next-server.js:395:17)
    at async DevServer.handleRequestImpl (/Users/lijiahao/yasi/node_modules/next/dist/server/base-server.js:909:17)
    at async /Users/lijiahao/yasi/node_modules/next/dist/server/dev/next-dev-server.js:387:20
    at async Span.traceAsyncFn (/Users/lijiahao/yasi/node_modules/next/dist/trace/trace.js:157:20)
    at async DevServer.handleRequest (/Users/lijiahao/yasi/node_modules/next/dist/server/dev/next-dev-server.js:383:24)
    at async invokeRender (/Users/lijiahao/yasi/node_modules/next/dist/server/lib/router-server.js:248:21)
    at async handleRequest (/Users/lijiahao/yasi/node_modules/next/dist/server/lib/router-server.js:447:24)
    at async requestHandlerImpl (/Users/lijiahao/yasi/node_modules/next/dist/server/lib/router-server.js:496:13)
    at async Server.requestListener (/Users/lijiahao/yasi/node_modules/next/dist/server/lib/start-server.js:226:13)
[2026-03-13T10:21:36.957Z] Step: Getting Buffer | Error: Generated audio buffer is empty | Stack: Error: Generated audio buffer is empty
    at POST (/Users/lijiahao/yasi/.next/dev/server/chunks/[root-of-the-server]__9a0630bf._.js:182:19)
    at async AppRouteRouteModule.do (/Users/lijiahao/yasi/node_modules/next/dist/compiled/next-server/app-route-turbo.runtime.dev.js:5:37866)
    at async AppRouteRouteModule.handle (/Users/lijiahao/yasi/node_modules/next/dist/compiled/next-server/app-route-turbo.runtime.dev.js:5:45156)
    at async responseGenerator (/Users/lijiahao/yasi/.next/dev/server/chunks/node_modules_25125bf1._.js:19371:38)
    at async AppRouteRouteModule.handleResponse (/Users/lijiahao/yasi/node_modules/next/dist/compiled/next-server/app-route-turbo.runtime.dev.js:1:187713)
    at async handleResponse (/Users/lijiahao/yasi/.next/dev/server/chunks/node_modules_25125bf1._.js:19434:32)
    at async Module.handler (/Users/lijiahao/yasi/.next/dev/server/chunks/node_modules_25125bf1._.js:19487:13)
    at async DevServer.renderToResponseWithComponentsImpl (/Users/lijiahao/yasi/node_modules/next/dist/server/base-server.js:1422:9)
    at async DevServer.renderPageComponent (/Users/lijiahao/yasi/node_modules/next/dist/server/base-server.js:1474:24)
    at async DevServer.renderToResponseImpl (/Users/lijiahao/yasi/node_modules/next/dist/server/base-server.js:1524:32)
    at async DevServer.pipeImpl (/Users/lijiahao/yasi/node_modules/next/dist/server/base-server.js:1018:25)
    at async NextNodeServer.handleCatchallRenderRequest (/Users/lijiahao/yasi/node_modules/next/dist/server/next-server.js:395:17)
    at async DevServer.handleRequestImpl (/Users/lijiahao/yasi/node_modules/next/dist/server/base-server.js:909:17)
    at async /Users/lijiahao/yasi/node_modules/next/dist/server/dev/next-dev-server.js:387:20
    at async Span.traceAsyncFn (/Users/lijiahao/yasi/node_modules/next/dist/trace/trace.js:157:20)
    at async DevServer.handleRequest (/Users/lijiahao/yasi/node_modules/next/dist/server/dev/next-dev-server.js:383:24)
    at async invokeRender (/Users/lijiahao/yasi/node_modules/next/dist/server/lib/router-server.js:248:21)
    at async handleRequest (/Users/lijiahao/yasi/node_modules/next/dist/server/lib/router-server.js:447:24)
    at async requestHandlerImpl (/Users/lijiahao/yasi/node_modules/next/dist/server/lib/router-server.js:496:13)
    at async Server.requestListener (/Users/lijiahao/yasi/node_modules/next/dist/server/lib/start-server.js:226:13)
[2026-03-13T10:21:37.559Z] Step: Getting Buffer | Error: Generated audio buffer is empty | Stack: Error: Generated audio buffer is empty
    at POST (/Users/lijiahao/yasi/.next/dev/server/chunks/[root-of-the-server]__9a0630bf._.js:182:19)
    at async AppRouteRouteModule.do (/Users/lijiahao/yasi/node_modules/next/dist/compiled/next-server/app-route-turbo.runtime.dev.js:5:37866)
    at async AppRouteRouteModule.handle (/Users/lijiahao/yasi/node_modules/next/dist/compiled/next-server/app-route-turbo.runtime.dev.js:5:45156)
    at async responseGenerator (/Users/lijiahao/yasi/.next/dev/server/chunks/node_modules_25125bf1._.js:19371:38)
    at async AppRouteRouteModule.handleResponse (/Users/lijiahao/yasi/node_modules/next/dist/compiled/next-server/app-route-turbo.runtime.dev.js:1:187713)
    at async handleResponse (/Users/lijiahao/yasi/.next/dev/server/chunks/node_modules_25125bf1._.js:19434:32)
    at async Module.handler (/Users/lijiahao/yasi/.next/dev/server/chunks/node_modules_25125bf1._.js:19487:13)
    at async DevServer.renderToResponseWithComponentsImpl (/Users/lijiahao/yasi/node_modules/next/dist/server/base-server.js:1422:9)
    at async DevServer.renderPageComponent (/Users/lijiahao/yasi/node_modules/next/dist/server/base-server.js:1474:24)
    at async DevServer.renderToResponseImpl (/Users/lijiahao/yasi/node_modules/next/dist/server/base-server.js:1524:32)
    at async DevServer.pipeImpl (/Users/lijiahao/yasi/node_modules/next/dist/server/base-server.js:1018:25)
    at async NextNodeServer.handleCatchallRenderRequest (/Users/lijiahao/yasi/node_modules/next/dist/server/next-server.js:395:17)
    at async DevServer.handleRequestImpl (/Users/lijiahao/yasi/node_modules/next/dist/server/base-server.js:909:17)
    at async /Users/lijiahao/yasi/node_modules/next/dist/server/dev/next-dev-server.js:387:20
    at async Span.traceAsyncFn (/Users/lijiahao/yasi/node_modules/next/dist/trace/trace.js:157:20)
    at async DevServer.handleRequest (/Users/lijiahao/yasi/node_modules/next/dist/server/dev/next-dev-server.js:383:24)
    at async invokeRender (/Users/lijiahao/yasi/node_modules/next/dist/server/lib/router-server.js:248:21)
    at async handleRequest (/Users/lijiahao/yasi/node_modules/next/dist/server/lib/router-server.js:447:24)
    at async requestHandlerImpl (/Users/lijiahao/yasi/node_modules/next/dist/server/lib/router-server.js:496:13)
    at async Server.requestListener (/Users/lijiahao/yasi/node_modules/next/dist/server/lib/start-server.js:226:13)
[2026-03-13T10:22:14.846Z] Step: Getting Buffer | Error: Generated audio buffer is empty | Stack: Error: Generated audio buffer is empty
    at POST (/Users/lijiahao/yasi/.next/dev/server/chunks/[root-of-the-server]__9a0630bf._.js:182:19)
    at async AppRouteRouteModule.do (/Users/lijiahao/yasi/node_modules/next/dist/compiled/next-server/app-route-turbo.runtime.dev.js:5:37866)
    at async AppRouteRouteModule.handle (/Users/lijiahao/yasi/node_modules/next/dist/compiled/next-server/app-route-turbo.runtime.dev.js:5:45156)
    at async responseGenerator (/Users/lijiahao/yasi/.next/dev/server/chunks/node_modules_25125bf1._.js:19371:38)
    at async AppRouteRouteModule.handleResponse (/Users/lijiahao/yasi/node_modules/next/dist/compiled/next-server/app-route-turbo.runtime.dev.js:1:187713)
    at async handleResponse (/Users/lijiahao/yasi/.next/dev/server/chunks/node_modules_25125bf1._.js:19434:32)
    at async Module.handler (/Users/lijiahao/yasi/.next/dev/server/chunks/node_modules_25125bf1._.js:19487:13)
    at async DevServer.renderToResponseWithComponentsImpl (/Users/lijiahao/yasi/node_modules/next/dist/server/base-server.js:1422:9)
    at async DevServer.renderPageComponent (/Users/lijiahao/yasi/node_modules/next/dist/server/base-server.js:1474:24)
    at async DevServer.renderToResponseImpl (/Users/lijiahao/yasi/node_modules/next/dist/server/base-server.js:1524:32)
    at async DevServer.pipeImpl (/Users/lijiahao/yasi/node_modules/next/dist/server/base-server.js:1018:25)
    at async NextNodeServer.handleCatchallRenderRequest (/Users/lijiahao/yasi/node_modules/next/dist/server/next-server.js:395:17)
    at async DevServer.handleRequestImpl (/Users/lijiahao/yasi/node_modules/next/dist/server/base-server.js:909:17)
    at async /Users/lijiahao/yasi/node_modules/next/dist/server/dev/next-dev-server.js:387:20
    at async Span.traceAsyncFn (/Users/lijiahao/yasi/node_modules/next/dist/trace/trace.js:157:20)
    at async DevServer.handleRequest (/Users/lijiahao/yasi/node_modules/next/dist/server/dev/next-dev-server.js:383:24)
    at async invokeRender (/Users/lijiahao/yasi/node_modules/next/dist/server/lib/router-server.js:248:21)
    at async handleRequest (/Users/lijiahao/yasi/node_modules/next/dist/server/lib/router-server.js:447:24)
    at async requestHandlerImpl (/Users/lijiahao/yasi/node_modules/next/dist/server/lib/router-server.js:496:13)
    at async Server.requestListener (/Users/lijiahao/yasi/node_modules/next/dist/server/lib/start-server.js:226:13)
[2026-03-13T10:24:09.353Z] Step: Getting Buffer | Error: Generated audio buffer is empty | Stack: Error: Generated audio buffer is empty
    at POST (/Users/lijiahao/yasi/.next/dev/server/chunks/[root-of-the-server]__9a0630bf._.js:182:19)
    at async AppRouteRouteModule.do (/Users/lijiahao/yasi/node_modules/next/dist/compiled/next-server/app-route-turbo.runtime.dev.js:5:37866)
    at async AppRouteRouteModule.handle (/Users/lijiahao/yasi/node_modules/next/dist/compiled/next-server/app-route-turbo.runtime.dev.js:5:45156)
    at async responseGenerator (/Users/lijiahao/yasi/.next/dev/server/chunks/node_modules_25125bf1._.js:19371:38)
    at async AppRouteRouteModule.handleResponse (/Users/lijiahao/yasi/node_modules/next/dist/compiled/next-server/app-route-turbo.runtime.dev.js:1:187713)
    at async handleResponse (/Users/lijiahao/yasi/.next/dev/server/chunks/node_modules_25125bf1._.js:19434:32)
    at async Module.handler (/Users/lijiahao/yasi/.next/dev/server/chunks/node_modules_25125bf1._.js:19487:13)
    at async DevServer.renderToResponseWithComponentsImpl (/Users/lijiahao/yasi/node_modules/next/dist/server/base-server.js:1422:9)
    at async DevServer.renderPageComponent (/Users/lijiahao/yasi/node_modules/next/dist/server/base-server.js:1474:24)
    at async DevServer.renderToResponseImpl (/Users/lijiahao/yasi/node_modules/next/dist/server/base-server.js:1524:32)
    at async DevServer.pipeImpl (/Users/lijiahao/yasi/node_modules/next/dist/server/base-server.js:1018:25)
    at async NextNodeServer.handleCatchallRenderRequest (/Users/lijiahao/yasi/node_modules/next/dist/server/next-server.js:395:17)
    at async DevServer.handleRequestImpl (/Users/lijiahao/yasi/node_modules/next/dist/server/base-server.js:909:17)
    at async /Users/lijiahao/yasi/node_modules/next/dist/server/dev/next-dev-server.js:387:20
    at async Span.traceAsyncFn (/Users/lijiahao/yasi/node_modules/next/dist/trace/trace.js:157:20)
    at async DevServer.handleRequest (/Users/lijiahao/yasi/node_modules/next/dist/server/dev/next-dev-server.js:383:24)
    at async invokeRender (/Users/lijiahao/yasi/node_modules/next/dist/server/lib/router-server.js:248:21)
    at async handleRequest (/Users/lijiahao/yasi/node_modules/next/dist/server/lib/router-server.js:447:24)
    at async requestHandlerImpl (/Users/lijiahao/yasi/node_modules/next/dist/server/lib/router-server.js:496:13)
    at async Server.requestListener (/Users/lijiahao/yasi/node_modules/next/dist/server/lib/start-server.js:226:13)
