0 verbose cli /usr/local/bin/node /usr/local/lib/node_modules/npm/bin/npm-cli.js
1 info using npm@10.9.0
2 info using node@v22.12.0
3 silly config load:file:/usr/local/lib/node_modules/npm/npmrc
4 silly config load:file:/Users/lijiahao/yasi/node_modules/yt-dlp-exec/.npmrc
5 silly config load:file:/Users/lijiahao/.npmrc
6 silly config load:file:/usr/local/etc/npmrc
7 verbose title npm exec bin-version-check-cli python >=2
8 verbose argv "exec" "--" "bin-version-check-cli" "python" ">=2"
9 verbose logfile logs-max:10 dir:/Users/lijiahao/yasi/.npm-cache/_logs/2026-04-05T11_53_12_371Z-
10 verbose logfile /Users/lijiahao/yasi/.npm-cache/_logs/2026-04-05T11_53_12_371Z-debug-0.log
11 silly logfile done cleaning log files
12 silly packumentCache heap:4345298944 maxSize:1086324736 maxEntrySize:543162368
13 http fetch GET 200 https://registry.npmjs.org/bin-version-check-cli 732ms (cache miss)
14 silly packumentCache heap:4345298944 maxSize:1086324736 maxEntrySize:543162368
15 silly packumentCache heap:4345298944 maxSize:1086324736 maxEntrySize:543162368
16 warn exec The following package was not found and will be installed: bin-version-check-cli@3.0.0
17 silly idealTree buildDeps
18 silly fetch manifest bin-version-check-cli@3.0.0
19 silly packumentCache full:https://registry.npmjs.org/bin-version-check-cli cache-miss
20 http fetch GET 200 https://registry.npmjs.org/bin-version-check-cli 303ms (cache miss)
21 silly packumentCache full:https://registry.npmjs.org/bin-version-check-cli set size:undefined disposed:false
22 silly placeDep ROOT bin-version-check-cli@3.0.0 OK for:  want: 3.0.0
23 silly fetch manifest arrify@^3.0.0
24 silly packumentCache full:https://registry.npmjs.org/arrify cache-miss
25 silly fetch manifest bin-version-check@^5.0.0
26 silly packumentCache full:https://registry.npmjs.org/bin-version-check cache-miss
27 silly fetch manifest meow@^9.0.0
28 silly packumentCache full:https://registry.npmjs.org/meow cache-miss
29 http fetch GET 200 https://registry.npmjs.org/arrify 113ms (cache miss)
30 silly packumentCache full:https://registry.npmjs.org/arrify set size:undefined disposed:false
31 http fetch GET 200 https://registry.npmjs.org/bin-version-check 462ms (cache miss)
32 silly packumentCache full:https://registry.npmjs.org/bin-version-check set size:undefined disposed:false
33 http fetch GET 200 https://registry.npmjs.org/meow 647ms (cache miss)
34 silly packumentCache full:https://registry.npmjs.org/meow set size:undefined disposed:false
35 silly placeDep ROOT arrify@3.0.0 OK for: bin-version-check-cli@3.0.0 want: ^3.0.0
36 silly placeDep ROOT bin-version-check@5.1.0 OK for: bin-version-check-cli@3.0.0 want: ^5.0.0
37 silly placeDep ROOT meow@9.0.0 OK for: bin-version-check-cli@3.0.0 want: ^9.0.0
38 silly fetch manifest bin-version@^6.0.0
39 silly packumentCache full:https://registry.npmjs.org/bin-version cache-miss
40 silly fetch manifest semver@^7.5.3
41 silly packumentCache full:https://registry.npmjs.org/semver cache-miss
42 silly fetch manifest semver-truncate@^3.0.0
43 silly packumentCache full:https://registry.npmjs.org/semver-truncate cache-miss
44 silly fetch manifest redent@^3.0.0
45 silly packumentCache full:https://registry.npmjs.org/redent cache-miss
46 silly fetch manifest type-fest@^0.18.0
47 silly packumentCache full:https://registry.npmjs.org/type-fest cache-miss
48 silly fetch manifest decamelize@^1.2.0
49 silly packumentCache full:https://registry.npmjs.org/decamelize cache-miss
50 silly fetch manifest read-pkg-up@^7.0.1
51 silly packumentCache full:https://registry.npmjs.org/read-pkg-up cache-miss
52 silly fetch manifest yargs-parser@^20.2.3
53 silly packumentCache full:https://registry.npmjs.org/yargs-parser cache-miss
54 silly fetch manifest trim-newlines@^3.0.0
55 silly packumentCache full:https://registry.npmjs.org/trim-newlines cache-miss
56 http fetch GET 200 https://registry.npmjs.org/semver 14ms (cache hit)
57 silly packumentCache full:https://registry.npmjs.org/semver set size:229620 disposed:false
58 silly fetch manifest camelcase-keys@^6.2.2
59 silly packumentCache full:https://registry.npmjs.org/camelcase-keys cache-miss
60 http fetch GET 200 https://registry.npmjs.org/redent 112ms (cache miss)
61 silly packumentCache full:https://registry.npmjs.org/redent set size:undefined disposed:false
62 silly fetch manifest hard-rejection@^2.1.0
63 silly packumentCache full:https://registry.npmjs.org/hard-rejection cache-miss
64 http fetch GET 200 https://registry.npmjs.org/semver-truncate 116ms (cache miss)
65 silly packumentCache full:https://registry.npmjs.org/semver-truncate set size:undefined disposed:false
66 silly fetch manifest @types/minimist@^1.2.0
67 silly packumentCache full:https://registry.npmjs.org/@types%2fminimist cache-miss
68 http fetch GET 200 https://registry.npmjs.org/bin-version 210ms (cache miss)
69 silly packumentCache full:https://registry.npmjs.org/bin-version set size:undefined disposed:false
70 silly fetch manifest decamelize-keys@^1.1.0
71 silly packumentCache full:https://registry.npmjs.org/decamelize-keys cache-miss
72 http fetch GET 200 https://registry.npmjs.org/hard-rejection 197ms (cache miss)
73 silly packumentCache full:https://registry.npmjs.org/hard-rejection set size:undefined disposed:false
74 silly fetch manifest minimist-options@4.1.0
75 silly packumentCache full:https://registry.npmjs.org/minimist-options cache-miss
76 http fetch GET 200 https://registry.npmjs.org/decamelize-keys 118ms (cache miss)
77 silly packumentCache full:https://registry.npmjs.org/decamelize-keys set size:undefined disposed:false
78 silly fetch manifest normalize-package-data@^3.0.0
79 silly packumentCache full:https://registry.npmjs.org/normalize-package-data cache-miss
80 http fetch GET 200 https://registry.npmjs.org/@types%2fminimist 212ms (cache miss)
81 silly packumentCache full:https://registry.npmjs.org/@types%2fminimist set size:undefined disposed:false
82 http fetch GET 200 https://registry.npmjs.org/minimist-options 111ms (cache miss)
83 silly packumentCache full:https://registry.npmjs.org/minimist-options set size:undefined disposed:false
84 http fetch GET 200 https://registry.npmjs.org/normalize-package-data 147ms (cache miss)
85 silly packumentCache full:https://registry.npmjs.org/normalize-package-data set size:undefined disposed:false
86 http fetch GET 200 https://registry.npmjs.org/trim-newlines 501ms (cache miss)
87 silly packumentCache full:https://registry.npmjs.org/trim-newlines set size:undefined disposed:false
88 http fetch GET 200 https://registry.npmjs.org/decamelize 510ms (cache miss)
89 silly packumentCache full:https://registry.npmjs.org/decamelize set size:undefined disposed:false
90 http fetch GET 200 https://registry.npmjs.org/read-pkg-up 542ms (cache miss)
91 silly packumentCache full:https://registry.npmjs.org/read-pkg-up set size:undefined disposed:false
92 http fetch GET 200 https://registry.npmjs.org/camelcase-keys 528ms (cache miss)
93 silly packumentCache full:https://registry.npmjs.org/camelcase-keys set size:undefined disposed:false
94 http fetch GET 200 https://registry.npmjs.org/yargs-parser 610ms (cache miss)
95 silly packumentCache full:https://registry.npmjs.org/yargs-parser set size:undefined disposed:false
96 http fetch GET 200 https://registry.npmjs.org/type-fest 630ms (cache miss)
97 silly packumentCache full:https://registry.npmjs.org/type-fest set size:undefined disposed:false
98 silly placeDep ROOT bin-version@6.0.0 OK for: bin-version-check@5.1.0 want: ^6.0.0
99 silly placeDep ROOT semver@7.7.4 OK for: bin-version-check@5.1.0 want: ^7.5.3
100 silly placeDep ROOT semver-truncate@3.0.0 OK for: bin-version-check@5.1.0 want: ^3.0.0
101 silly fetch manifest execa@^5.0.0
102 silly packumentCache full:https://registry.npmjs.org/execa cache-miss
103 silly fetch manifest find-versions@^5.0.0
104 silly packumentCache full:https://registry.npmjs.org/find-versions cache-miss
105 http fetch GET 200 https://registry.npmjs.org/execa 4ms (cache hit)
106 silly packumentCache full:https://registry.npmjs.org/execa set size:181234 disposed:false
107 http fetch GET 200 https://registry.npmjs.org/find-versions 204ms (cache miss)
108 silly packumentCache full:https://registry.npmjs.org/find-versions set size:undefined disposed:false
109 silly placeDep ROOT execa@5.1.1 OK for: bin-version@6.0.0 want: ^5.0.0
110 silly placeDep ROOT find-versions@5.1.0 OK for: bin-version@6.0.0 want: ^5.0.0
111 silly fetch manifest onetime@^5.1.2
112 silly packumentCache full:https://registry.npmjs.org/onetime cache-miss
113 silly fetch manifest is-stream@^2.0.0
114 silly packumentCache full:https://registry.npmjs.org/is-stream cache-miss
115 silly fetch manifest get-stream@^6.0.0
116 silly packumentCache full:https://registry.npmjs.org/get-stream cache-miss
117 silly fetch manifest cross-spawn@^7.0.3
118 silly packumentCache full:https://registry.npmjs.org/cross-spawn cache-miss
119 silly fetch manifest signal-exit@^3.0.3
120 silly packumentCache full:https://registry.npmjs.org/signal-exit cache-miss
121 silly fetch manifest merge-stream@^2.0.0
122 silly packumentCache full:https://registry.npmjs.org/merge-stream cache-miss
123 silly fetch manifest npm-run-path@^4.0.1
124 silly packumentCache full:https://registry.npmjs.org/npm-run-path cache-miss
125 silly fetch manifest human-signals@^2.1.0
126 silly packumentCache full:https://registry.npmjs.org/human-signals cache-miss
127 silly fetch manifest strip-final-newline@^2.0.0
128 silly packumentCache full:https://registry.npmjs.org/strip-final-newline cache-miss
129 http fetch GET 200 https://registry.npmjs.org/is-stream 8ms (cache hit)
130 silly packumentCache full:https://registry.npmjs.org/is-stream set size:18582 disposed:false
131 silly fetch manifest semver-regex@^4.0.5
132 silly packumentCache full:https://registry.npmjs.org/semver-regex cache-miss
133 http fetch GET 200 https://registry.npmjs.org/onetime 9ms (cache hit)
134 silly packumentCache full:https://registry.npmjs.org/onetime set size:32314 disposed:false
135 http fetch GET 200 https://registry.npmjs.org/npm-run-path 9ms (cache hit)
136 silly packumentCache full:https://registry.npmjs.org/npm-run-path set size:33596 disposed:false
137 http fetch GET 200 https://registry.npmjs.org/signal-exit 9ms (cache hit)
138 silly packumentCache full:https://registry.npmjs.org/signal-exit set size:53489 disposed:false
139 http fetch GET 200 https://registry.npmjs.org/cross-spawn 10ms (cache hit)
140 silly packumentCache full:https://registry.npmjs.org/cross-spawn set size:109066 disposed:false
141 http fetch GET 200 https://registry.npmjs.org/human-signals 12ms (cache hit)
142 silly packumentCache full:https://registry.npmjs.org/human-signals set size:47322 disposed:false
143 http fetch GET 200 https://registry.npmjs.org/merge-stream 12ms (cache hit)
144 silly packumentCache full:https://registry.npmjs.org/merge-stream set size:22168 disposed:false
145 http fetch GET 200 https://registry.npmjs.org/get-stream 14ms (cache hit)
146 silly packumentCache full:https://registry.npmjs.org/get-stream set size:57536 disposed:false
147 http fetch GET 200 https://registry.npmjs.org/strip-final-newline 13ms (cache hit)
148 silly packumentCache full:https://registry.npmjs.org/strip-final-newline set size:9328 disposed:false
149 http fetch GET 200 https://registry.npmjs.org/semver-regex 114ms (cache miss)
150 silly packumentCache full:https://registry.npmjs.org/semver-regex set size:undefined disposed:false
151 silly placeDep ROOT cross-spawn@7.0.6 OK for: execa@5.1.1 want: ^7.0.3
152 silly placeDep ROOT get-stream@6.0.1 OK for: execa@5.1.1 want: ^6.0.0
153 silly placeDep ROOT human-signals@2.1.0 OK for: execa@5.1.1 want: ^2.1.0
154 silly placeDep ROOT is-stream@2.0.1 OK for: execa@5.1.1 want: ^2.0.0
155 silly placeDep ROOT merge-stream@2.0.0 OK for: execa@5.1.1 want: ^2.0.0
156 silly placeDep ROOT npm-run-path@4.0.1 OK for: execa@5.1.1 want: ^4.0.1
157 silly placeDep ROOT onetime@5.1.2 OK for: execa@5.1.1 want: ^5.1.2
158 silly placeDep ROOT signal-exit@3.0.7 OK for: execa@5.1.1 want: ^3.0.3
159 silly placeDep ROOT strip-final-newline@2.0.0 OK for: execa@5.1.1 want: ^2.0.0
160 silly fetch manifest which@^2.0.1
161 silly packumentCache full:https://registry.npmjs.org/which cache-miss
162 silly fetch manifest path-key@^3.1.0
163 silly packumentCache full:https://registry.npmjs.org/path-key cache-miss
164 silly fetch manifest shebang-command@^2.0.0
165 silly packumentCache full:https://registry.npmjs.org/shebang-command cache-miss
166 silly fetch manifest path-key@^3.0.0
167 silly packumentCache full:https://registry.npmjs.org/path-key cache-miss
168 silly fetch manifest mimic-fn@^2.1.0
169 silly packumentCache full:https://registry.npmjs.org/mimic-fn cache-miss
170 http fetch GET 200 https://registry.npmjs.org/path-key 5ms (cache hit)
171 silly packumentCache full:https://registry.npmjs.org/path-key set size:16975 disposed:false
172 http fetch GET 200 https://registry.npmjs.org/shebang-command 6ms (cache hit)
173 silly packumentCache full:https://registry.npmjs.org/shebang-command set size:8525 disposed:false
174 http fetch GET 200 https://registry.npmjs.org/path-key 6ms (cache hit)
175 silly packumentCache full:https://registry.npmjs.org/path-key set size:16975 disposed:false
176 silly packumentCache full:https://registry.npmjs.org/path-key dispose
177 http fetch GET 200 https://registry.npmjs.org/mimic-fn 7ms (cache hit)
178 silly packumentCache full:https://registry.npmjs.org/mimic-fn set size:22257 disposed:false
179 http fetch GET 200 https://registry.npmjs.org/which 8ms (cache hit)
180 silly packumentCache full:https://registry.npmjs.org/which set size:67747 disposed:false
181 silly placeDep ROOT path-key@3.1.1 OK for: cross-spawn@7.0.6 want: ^3.1.0
182 silly placeDep ROOT shebang-command@2.0.0 OK for: cross-spawn@7.0.6 want: ^2.0.0
183 silly placeDep ROOT which@2.0.2 OK for: cross-spawn@7.0.6 want: ^2.0.1
184 silly fetch manifest shebang-regex@^3.0.0
185 silly packumentCache full:https://registry.npmjs.org/shebang-regex cache-miss
186 silly fetch manifest isexe@^2.0.0
187 silly packumentCache full:https://registry.npmjs.org/isexe cache-miss
188 http fetch GET 200 https://registry.npmjs.org/isexe 3ms (cache hit)
189 silly packumentCache full:https://registry.npmjs.org/isexe set size:31756 disposed:false
190 http fetch GET 200 https://registry.npmjs.org/shebang-regex 3ms (cache hit)
191 silly packumentCache full:https://registry.npmjs.org/shebang-regex set size:9763 disposed:false
192 silly placeDep ROOT semver-regex@4.0.5 OK for: find-versions@5.1.0 want: ^4.0.5
193 silly placeDep ROOT @types/minimist@1.2.5 OK for: meow@9.0.0 want: ^1.2.0
194 silly placeDep ROOT camelcase-keys@6.2.2 OK for: meow@9.0.0 want: ^6.2.2
195 silly placeDep ROOT decamelize@1.2.0 OK for: meow@9.0.0 want: ^1.2.0
196 silly placeDep ROOT decamelize-keys@1.1.1 OK for: meow@9.0.0 want: ^1.1.0
197 silly placeDep ROOT hard-rejection@2.1.0 OK for: meow@9.0.0 want: ^2.1.0
198 silly placeDep ROOT minimist-options@4.1.0 OK for: meow@9.0.0 want: 4.1.0
199 silly placeDep ROOT normalize-package-data@3.0.3 OK for: meow@9.0.0 want: ^3.0.0
200 silly placeDep ROOT read-pkg-up@7.0.1 OK for: meow@9.0.0 want: ^7.0.1
201 silly placeDep ROOT redent@3.0.0 OK for: meow@9.0.0 want: ^3.0.0
202 silly placeDep ROOT trim-newlines@3.0.1 OK for: meow@9.0.0 want: ^3.0.0
203 silly placeDep ROOT type-fest@0.18.1 OK for: meow@9.0.0 want: ^0.18.0
204 silly placeDep ROOT yargs-parser@20.2.9 OK for: meow@9.0.0 want: ^20.2.3
205 silly fetch manifest map-obj@^4.0.0
206 silly packumentCache full:https://registry.npmjs.org/map-obj cache-miss
207 silly fetch manifest camelcase@^5.3.1
208 silly packumentCache full:https://registry.npmjs.org/camelcase cache-miss
209 silly fetch manifest quick-lru@^4.0.1
210 silly packumentCache full:https://registry.npmjs.org/quick-lru cache-miss
211 silly fetch manifest map-obj@^1.0.0
212 silly packumentCache full:https://registry.npmjs.org/map-obj cache-miss
213 silly fetch manifest arrify@^1.0.1
214 silly packumentCache full:https://registry.npmjs.org/arrify cache-miss
215 silly fetch manifest is-plain-obj@^1.1.0
216 silly packumentCache full:https://registry.npmjs.org/is-plain-obj cache-miss
217 silly fetch manifest kind-of@^6.0.3
218 silly packumentCache full:https://registry.npmjs.org/kind-of cache-miss
219 silly fetch manifest is-core-module@^2.5.0
220 silly packumentCache full:https://registry.npmjs.org/is-core-module cache-miss
221 silly fetch manifest hosted-git-info@^4.0.1
222 silly packumentCache full:https://registry.npmjs.org/hosted-git-info cache-miss
223 http fetch GET 200 https://registry.npmjs.org/arrify 4ms (cache hit)
224 silly packumentCache full:https://registry.npmjs.org/arrify set size:11862 disposed:false
225 silly fetch manifest validate-npm-package-license@^3.0.1
226 silly packumentCache full:https://registry.npmjs.org/validate-npm-package-license cache-miss
227 http fetch GET 200 https://registry.npmjs.org/is-core-module 5ms (cache hit)
228 silly packumentCache full:https://registry.npmjs.org/is-core-module set size:71788 disposed:false
229 silly fetch manifest find-up@^4.1.0
230 silly packumentCache full:https://registry.npmjs.org/find-up cache-miss
231 http fetch GET 200 https://registry.npmjs.org/is-plain-obj 5ms (cache hit)
232 silly packumentCache full:https://registry.npmjs.org/is-plain-obj set size:17899 disposed:false
233 silly fetch manifest read-pkg@^5.2.0
234 silly packumentCache full:https://registry.npmjs.org/read-pkg cache-miss
235 http fetch GET 200 https://registry.npmjs.org/find-up 2ms (cache hit)
236 silly packumentCache full:https://registry.npmjs.org/find-up set size:42620 disposed:false
237 silly fetch manifest type-fest@^0.8.1
238 silly packumentCache full:https://registry.npmjs.org/type-fest cache-miss
239 http fetch GET 200 https://registry.npmjs.org/type-fest 1ms (cache hit)
240 silly packumentCache full:https://registry.npmjs.org/type-fest set size:557806 disposed:false
241 silly fetch manifest indent-string@^4.0.0
242 silly packumentCache full:https://registry.npmjs.org/indent-string cache-miss
243 http fetch GET 200 https://registry.npmjs.org/validate-npm-package-license 115ms (cache miss)
244 silly packumentCache full:https://registry.npmjs.org/validate-npm-package-license set size:undefined disposed:false
245 silly fetch manifest strip-indent@^3.0.0
246 silly packumentCache full:https://registry.npmjs.org/strip-indent cache-miss
247 http fetch GET 200 https://registry.npmjs.org/map-obj 122ms (cache miss)
248 silly packumentCache full:https://registry.npmjs.org/map-obj set size:undefined disposed:false
249 http fetch GET 200 https://registry.npmjs.org/indent-string 111ms (cache miss)
250 silly packumentCache full:https://registry.npmjs.org/indent-string set size:undefined disposed:false
251 http fetch GET 200 https://registry.npmjs.org/camelcase 124ms (cache miss)
252 silly packumentCache full:https://registry.npmjs.org/camelcase set size:undefined disposed:false
253 http fetch GET 200 https://registry.npmjs.org/map-obj 124ms (cache miss)
254 silly packumentCache full:https://registry.npmjs.org/map-obj set size:undefined disposed:false
255 http fetch GET 200 https://registry.npmjs.org/kind-of 131ms (cache miss)
256 silly packumentCache full:https://registry.npmjs.org/kind-of set size:undefined disposed:false
257 http fetch GET 200 https://registry.npmjs.org/quick-lru 133ms (cache miss)
258 silly packumentCache full:https://registry.npmjs.org/quick-lru set size:undefined disposed:false
259 http fetch GET 200 https://registry.npmjs.org/read-pkg 129ms (cache miss)
260 silly packumentCache full:https://registry.npmjs.org/read-pkg set size:undefined disposed:false
261 http fetch GET 200 https://registry.npmjs.org/hosted-git-info 140ms (cache miss)
262 silly packumentCache full:https://registry.npmjs.org/hosted-git-info set size:undefined disposed:false
263 http fetch GET 200 https://registry.npmjs.org/strip-indent 147ms (cache miss)
264 silly packumentCache full:https://registry.npmjs.org/strip-indent set size:undefined disposed:false
265 silly placeDep ROOT camelcase@5.3.1 OK for: camelcase-keys@6.2.2 want: ^5.3.1
266 silly placeDep ROOT map-obj@4.3.0 OK for: camelcase-keys@6.2.2 want: ^4.0.0
267 silly placeDep ROOT quick-lru@4.0.1 OK for: camelcase-keys@6.2.2 want: ^4.0.1
268 silly placeDep node_modules/decamelize-keys map-obj@1.0.1 OK for: decamelize-keys@1.1.1 want: ^1.0.0
269 silly placeDep node_modules/minimist-options arrify@1.0.1 OK for: minimist-options@4.1.0 want: ^1.0.1
270 silly placeDep ROOT is-plain-obj@1.1.0 OK for: minimist-options@4.1.0 want: ^1.1.0
271 silly placeDep ROOT kind-of@6.0.3 OK for: minimist-options@4.1.0 want: ^6.0.3
272 silly placeDep ROOT hosted-git-info@4.1.0 OK for: normalize-package-data@3.0.3 want: ^4.0.1
273 silly placeDep ROOT is-core-module@2.16.1 OK for: normalize-package-data@3.0.3 want: ^2.5.0
274 silly placeDep ROOT validate-npm-package-license@3.0.4 OK for: normalize-package-data@3.0.3 want: ^3.0.1
275 silly fetch manifest lru-cache@^6.0.0
276 silly packumentCache full:https://registry.npmjs.org/lru-cache cache-miss
277 silly fetch manifest hasown@^2.0.2
278 silly packumentCache full:https://registry.npmjs.org/hasown cache-miss
279 silly fetch manifest spdx-correct@^3.0.0
280 silly packumentCache full:https://registry.npmjs.org/spdx-correct cache-miss
281 silly fetch manifest spdx-expression-parse@^3.0.0
282 silly packumentCache full:https://registry.npmjs.org/spdx-expression-parse cache-miss
283 http fetch GET 200 https://registry.npmjs.org/hasown 3ms (cache hit)
284 silly packumentCache full:https://registry.npmjs.org/hasown set size:12476 disposed:false
285 http fetch GET 200 https://registry.npmjs.org/lru-cache 4ms (cache hit)
286 silly packumentCache full:https://registry.npmjs.org/lru-cache set size:416454 disposed:false
287 http fetch GET 200 https://registry.npmjs.org/spdx-correct 127ms (cache miss)
288 silly packumentCache full:https://registry.npmjs.org/spdx-correct set size:undefined disposed:false
289 http fetch GET 200 https://registry.npmjs.org/spdx-expression-parse 128ms (cache miss)
290 silly packumentCache full:https://registry.npmjs.org/spdx-expression-parse set size:undefined disposed:false
291 silly placeDep ROOT lru-cache@6.0.0 OK for: hosted-git-info@4.1.0 want: ^6.0.0
292 silly fetch manifest yallist@^4.0.0
293 silly packumentCache full:https://registry.npmjs.org/yallist cache-miss
294 http fetch GET 200 https://registry.npmjs.org/yallist 5ms (cache hit)
295 silly packumentCache full:https://registry.npmjs.org/yallist set size:34610 disposed:false
296 silly placeDep ROOT hasown@2.0.2 OK for: is-core-module@2.16.1 want: ^2.0.2
297 silly fetch manifest function-bind@^1.1.2
298 silly packumentCache full:https://registry.npmjs.org/function-bind cache-miss
299 http fetch GET 200 https://registry.npmjs.org/function-bind 2ms (cache hit)
300 silly packumentCache full:https://registry.npmjs.org/function-bind set size:15733 disposed:false
301 silly placeDep ROOT function-bind@1.1.2 OK for: hasown@2.0.2 want: ^1.1.2
302 silly placeDep ROOT yallist@4.0.0 OK for: lru-cache@6.0.0 want: ^4.0.0
303 silly placeDep ROOT mimic-fn@2.1.0 OK for: onetime@5.1.2 want: ^2.1.0
304 silly placeDep ROOT find-up@4.1.0 OK for: read-pkg-up@7.0.1 want: ^4.1.0
305 silly placeDep ROOT read-pkg@5.2.0 OK for: read-pkg-up@7.0.1 want: ^5.2.0
306 silly placeDep node_modules/read-pkg-up type-fest@0.8.1 OK for: read-pkg-up@7.0.1 want: ^0.8.1
307 silly fetch manifest locate-path@^5.0.0
308 silly packumentCache full:https://registry.npmjs.org/locate-path cache-miss
309 silly fetch manifest path-exists@^4.0.0
310 silly packumentCache full:https://registry.npmjs.org/path-exists cache-miss
311 silly fetch manifest type-fest@^0.6.0
312 silly packumentCache full:https://registry.npmjs.org/type-fest cache-hit
313 silly fetch manifest parse-json@^5.0.0
314 silly packumentCache full:https://registry.npmjs.org/parse-json cache-miss
315 silly fetch manifest normalize-package-data@^2.5.0
316 silly packumentCache full:https://registry.npmjs.org/normalize-package-data cache-miss
317 silly fetch manifest @types/normalize-package-data@^2.4.0
318 silly packumentCache full:https://registry.npmjs.org/@types%2fnormalize-package-data cache-miss
319 http fetch GET 200 https://registry.npmjs.org/normalize-package-data 4ms (cache hit)
320 silly packumentCache full:https://registry.npmjs.org/normalize-package-data set size:128426 disposed:false
321 http fetch GET 200 https://registry.npmjs.org/locate-path 6ms (cache hit)
322 silly packumentCache full:https://registry.npmjs.org/locate-path set size:31329 disposed:false
323 http fetch GET 200 https://registry.npmjs.org/path-exists 7ms (cache hit)
324 silly packumentCache full:https://registry.npmjs.org/path-exists set size:13704 disposed:false
325 http fetch GET 200 https://registry.npmjs.org/@types%2fnormalize-package-data 121ms (cache miss)
326 silly packumentCache full:https://registry.npmjs.org/@types%2fnormalize-package-data set size:undefined disposed:false
327 http fetch GET 200 https://registry.npmjs.org/parse-json 125ms (cache miss)
328 silly packumentCache full:https://registry.npmjs.org/parse-json set size:undefined disposed:false
329 silly placeDep ROOT locate-path@5.0.0 OK for: find-up@4.1.0 want: ^5.0.0
330 silly placeDep ROOT path-exists@4.0.0 OK for: find-up@4.1.0 want: ^4.0.0
331 silly fetch manifest p-locate@^4.1.0
332 silly packumentCache full:https://registry.npmjs.org/p-locate cache-miss
333 http fetch GET 200 https://registry.npmjs.org/p-locate 2ms (cache hit)
334 silly packumentCache full:https://registry.npmjs.org/p-locate set size:22488 disposed:false
335 silly placeDep ROOT p-locate@4.1.0 OK for: locate-path@5.0.0 want: ^4.1.0
336 silly fetch manifest p-limit@^2.2.0
337 silly packumentCache full:https://registry.npmjs.org/p-limit cache-miss
338 http fetch GET 200 https://registry.npmjs.org/p-limit 2ms (cache hit)
339 silly packumentCache full:https://registry.npmjs.org/p-limit set size:61867 disposed:false
340 silly placeDep ROOT p-limit@2.3.0 OK for: p-locate@4.1.0 want: ^2.2.0
341 silly fetch manifest p-try@^2.0.0
342 silly packumentCache full:https://registry.npmjs.org/p-try cache-miss
343 http fetch GET 200 https://registry.npmjs.org/p-try 115ms (cache miss)
344 silly packumentCache full:https://registry.npmjs.org/p-try set size:undefined disposed:false
345 silly placeDep ROOT p-try@2.2.0 OK for: p-limit@2.3.0 want: ^2.0.0
346 silly placeDep ROOT @types/normalize-package-data@2.4.4 OK for: read-pkg@5.2.0 want: ^2.4.0
347 silly placeDep node_modules/read-pkg normalize-package-data@2.5.0 OK for: read-pkg@5.2.0 want: ^2.5.0
348 silly placeDep ROOT parse-json@5.2.0 OK for: read-pkg@5.2.0 want: ^5.0.0
349 silly placeDep node_modules/read-pkg type-fest@0.6.0 OK for: read-pkg@5.2.0 want: ^0.6.0
350 silly fetch manifest semver@2 || 3 || 4 || 5
351 silly packumentCache full:https://registry.npmjs.org/semver cache-hit
352 silly fetch manifest resolve@^1.10.0
353 silly packumentCache full:https://registry.npmjs.org/resolve cache-miss
354 silly fetch manifest hosted-git-info@^2.1.4
355 silly packumentCache full:https://registry.npmjs.org/hosted-git-info cache-miss
356 silly fetch manifest error-ex@^1.3.1
357 silly packumentCache full:https://registry.npmjs.org/error-ex cache-miss
358 silly fetch manifest @babel/code-frame@^7.0.0
359 silly packumentCache full:https://registry.npmjs.org/@babel%2fcode-frame cache-miss
360 silly fetch manifest lines-and-columns@^1.1.6
361 silly packumentCache full:https://registry.npmjs.org/lines-and-columns cache-miss
362 silly fetch manifest json-parse-even-better-errors@^2.3.0
363 silly packumentCache full:https://registry.npmjs.org/json-parse-even-better-errors cache-miss
364 http fetch GET 200 https://registry.npmjs.org/hosted-git-info 6ms (cache hit)
365 silly packumentCache full:https://registry.npmjs.org/hosted-git-info set size:178854 disposed:false
366 http fetch GET 200 https://registry.npmjs.org/resolve 7ms (cache hit)
367 silly packumentCache full:https://registry.npmjs.org/resolve set size:238156 disposed:false
368 http fetch GET 200 https://registry.npmjs.org/@babel%2fcode-frame 8ms (cache hit)
369 silly packumentCache full:https://registry.npmjs.org/@babel%2fcode-frame set size:196196 disposed:false
370 http fetch GET 200 https://registry.npmjs.org/json-parse-even-better-errors 125ms (cache miss)
371 silly packumentCache full:https://registry.npmjs.org/json-parse-even-better-errors set size:undefined disposed:false
372 http fetch GET 200 https://registry.npmjs.org/error-ex 126ms (cache miss)
373 silly packumentCache full:https://registry.npmjs.org/error-ex set size:undefined disposed:false
374 http fetch GET 200 https://registry.npmjs.org/lines-and-columns 131ms (cache miss)
375 silly packumentCache full:https://registry.npmjs.org/lines-and-columns set size:undefined disposed:false
376 silly placeDep ROOT @babel/code-frame@7.29.0 OK for: parse-json@5.2.0 want: ^7.0.0
377 silly placeDep ROOT error-ex@1.3.4 OK for: parse-json@5.2.0 want: ^1.3.1
378 silly placeDep ROOT json-parse-even-better-errors@2.3.1 OK for: parse-json@5.2.0 want: ^2.3.0
379 silly placeDep ROOT lines-and-columns@1.2.4 OK for: parse-json@5.2.0 want: ^1.1.6
380 silly fetch manifest js-tokens@^4.0.0
381 silly packumentCache full:https://registry.npmjs.org/js-tokens cache-miss
382 silly fetch manifest picocolors@^1.1.1
383 silly packumentCache full:https://registry.npmjs.org/picocolors cache-miss
384 silly fetch manifest @babel/helper-validator-identifier@^7.28.5
385 silly packumentCache full:https://registry.npmjs.org/@babel%2fhelper-validator-identifier cache-miss
386 silly fetch manifest is-arrayish@^0.2.1
387 silly packumentCache full:https://registry.npmjs.org/is-arrayish cache-miss
388 http fetch GET 200 https://registry.npmjs.org/picocolors 3ms (cache hit)
389 silly packumentCache full:https://registry.npmjs.org/picocolors set size:16648 disposed:false
390 http fetch GET 200 https://registry.npmjs.org/js-tokens 5ms (cache hit)
391 silly packumentCache full:https://registry.npmjs.org/js-tokens set size:41947 disposed:false
392 http fetch GET 200 https://registry.npmjs.org/@babel%2fhelper-validator-identifier 5ms (cache hit)
393 silly packumentCache full:https://registry.npmjs.org/@babel%2fhelper-validator-identifier set size:116299 disposed:false
394 http fetch GET 200 https://registry.npmjs.org/is-arrayish 106ms (cache miss)
395 silly packumentCache full:https://registry.npmjs.org/is-arrayish set size:undefined disposed:false
396 silly placeDep ROOT @babel/helper-validator-identifier@7.28.5 OK for: @babel/code-frame@7.29.0 want: ^7.28.5
397 silly placeDep ROOT js-tokens@4.0.0 OK for: @babel/code-frame@7.29.0 want: ^4.0.0
398 silly placeDep ROOT picocolors@1.1.1 OK for: @babel/code-frame@7.29.0 want: ^1.1.1
399 silly placeDep ROOT is-arrayish@0.2.1 OK for: error-ex@1.3.4 want: ^0.2.1
400 silly placeDep ROOT indent-string@4.0.0 OK for: redent@3.0.0 want: ^4.0.0
401 silly placeDep ROOT strip-indent@3.0.0 OK for: redent@3.0.0 want: ^3.0.0
402 silly fetch manifest min-indent@^1.0.0
403 silly packumentCache full:https://registry.npmjs.org/min-indent cache-miss
404 http fetch GET 200 https://registry.npmjs.org/min-indent 119ms (cache miss)
405 silly packumentCache full:https://registry.npmjs.org/min-indent set size:undefined disposed:false
406 silly placeDep ROOT shebang-regex@3.0.0 OK for: shebang-command@2.0.0 want: ^3.0.0
407 silly placeDep ROOT min-indent@1.0.1 OK for: strip-indent@3.0.0 want: ^1.0.0
408 silly placeDep ROOT spdx-correct@3.2.0 OK for: validate-npm-package-license@3.0.4 want: ^3.0.0
409 silly placeDep ROOT spdx-expression-parse@3.0.1 OK for: validate-npm-package-license@3.0.4 want: ^3.0.0
410 silly fetch manifest spdx-license-ids@^3.0.0
411 silly packumentCache full:https://registry.npmjs.org/spdx-license-ids cache-miss
412 silly fetch manifest spdx-exceptions@^2.1.0
413 silly packumentCache full:https://registry.npmjs.org/spdx-exceptions cache-miss
414 silly fetch manifest spdx-license-ids@^3.0.0
415 silly packumentCache full:https://registry.npmjs.org/spdx-license-ids cache-miss
416 http fetch GET 200 https://registry.npmjs.org/spdx-exceptions 118ms (cache miss)
417 silly packumentCache full:https://registry.npmjs.org/spdx-exceptions set size:undefined disposed:false
418 http fetch GET 200 https://registry.npmjs.org/spdx-license-ids 138ms (cache miss)
419 silly packumentCache full:https://registry.npmjs.org/spdx-license-ids set size:undefined disposed:false
420 http fetch GET 200 https://registry.npmjs.org/spdx-license-ids 147ms (cache miss)
421 silly packumentCache full:https://registry.npmjs.org/spdx-license-ids set size:undefined disposed:false
422 silly placeDep ROOT spdx-license-ids@3.0.23 OK for: spdx-correct@3.2.0 want: ^3.0.0
423 silly placeDep ROOT spdx-exceptions@2.5.0 OK for: spdx-expression-parse@3.0.1 want: ^2.1.0
424 silly placeDep ROOT isexe@2.0.0 OK for: which@2.0.2 want: ^2.0.0
425 silly placeDep node_modules/read-pkg hosted-git-info@2.8.9 OK for: normalize-package-data@2.5.0 want: ^2.1.4
426 silly placeDep ROOT resolve@1.22.11 OK for: normalize-package-data@2.5.0 want: ^1.10.0
427 silly placeDep node_modules/read-pkg semver@5.7.2 OK for: normalize-package-data@2.5.0 want: 2 || 3 || 4 || 5
428 silly fetch manifest path-parse@^1.0.7
429 silly packumentCache full:https://registry.npmjs.org/path-parse cache-miss
430 silly fetch manifest supports-preserve-symlinks-flag@^1.0.0
431 silly packumentCache full:https://registry.npmjs.org/supports-preserve-symlinks-flag cache-miss
432 http fetch GET 200 https://registry.npmjs.org/path-parse 2ms (cache hit)
433 silly packumentCache full:https://registry.npmjs.org/path-parse set size:14523 disposed:false
434 http fetch GET 200 https://registry.npmjs.org/supports-preserve-symlinks-flag 2ms (cache hit)
435 silly packumentCache full:https://registry.npmjs.org/supports-preserve-symlinks-flag set size:6802 disposed:false
436 silly placeDep ROOT path-parse@1.0.7 OK for: resolve@1.22.11 want: ^1.0.7
437 silly placeDep ROOT supports-preserve-symlinks-flag@1.0.0 OK for: resolve@1.22.11 want: ^1.0.0
438 silly reify moves {}
439 silly audit bulk request {
439 silly audit   'bin-version-check-cli': [ '3.0.0' ],
439 silly audit   arrify: [ '3.0.0', '1.0.1' ],
439 silly audit   'bin-version-check': [ '5.1.0' ],
439 silly audit   meow: [ '9.0.0' ],
439 silly audit   'bin-version': [ '6.0.0' ],
439 silly audit   semver: [ '7.7.4', '5.7.2' ],
439 silly audit   'semver-truncate': [ '3.0.0' ],
439 silly audit   execa: [ '5.1.1' ],
439 silly audit   'find-versions': [ '5.1.0' ],
439 silly audit   'cross-spawn': [ '7.0.6' ],
439 silly audit   'get-stream': [ '6.0.1' ],
439 silly audit   'human-signals': [ '2.1.0' ],
439 silly audit   'is-stream': [ '2.0.1' ],
439 silly audit   'merge-stream': [ '2.0.0' ],
439 silly audit   'npm-run-path': [ '4.0.1' ],
439 silly audit   onetime: [ '5.1.2' ],
439 silly audit   'signal-exit': [ '3.0.7' ],
439 silly audit   'strip-final-newline': [ '2.0.0' ],
439 silly audit   'path-key': [ '3.1.1' ],
439 silly audit   'shebang-command': [ '2.0.0' ],
439 silly audit   which: [ '2.0.2' ],
439 silly audit   'semver-regex': [ '4.0.5' ],
439 silly audit   '@types/minimist': [ '1.2.5' ],
439 silly audit   'camelcase-keys': [ '6.2.2' ],
439 silly audit   decamelize: [ '1.2.0' ],
439 silly audit   'decamelize-keys': [ '1.1.1' ],
439 silly audit   'hard-rejection': [ '2.1.0' ],
439 silly audit   'minimist-options': [ '4.1.0' ],
439 silly audit   'normalize-package-data': [ '3.0.3', '2.5.0' ],
439 silly audit   'read-pkg-up': [ '7.0.1' ],
439 silly audit   redent: [ '3.0.0' ],
439 silly audit   'trim-newlines': [ '3.0.1' ],
439 silly audit   'type-fest': [ '0.18.1', '0.8.1', '0.6.0' ],
439 silly audit   'yargs-parser': [ '20.2.9' ],
439 silly audit   camelcase: [ '5.3.1' ],
439 silly audit   'map-obj': [ '4.3.0', '1.0.1' ],
439 silly audit   'quick-lru': [ '4.0.1' ],
439 silly audit   'is-plain-obj': [ '1.1.0' ],
439 silly audit   'kind-of': [ '6.0.3' ],
439 silly audit   'hosted-git-info': [ '4.1.0', '2.8.9' ],
439 silly audit   'is-core-module': [ '2.16.1' ],
439 silly audit   'validate-npm-package-license': [ '3.0.4' ],
439 silly audit   'lru-cache': [ '6.0.0' ],
439 silly audit   hasown: [ '2.0.2' ],
439 silly audit   'function-bind': [ '1.1.2' ],
439 silly audit   yallist: [ '4.0.0' ],
439 silly audit   'mimic-fn': [ '2.1.0' ],
439 silly audit   'find-up': [ '4.1.0' ],
439 silly audit   'read-pkg': [ '5.2.0' ],
439 silly audit   'locate-path': [ '5.0.0' ],
439 silly audit   'path-exists': [ '4.0.0' ],
439 silly audit   'p-locate': [ '4.1.0' ],
439 silly audit   'p-limit': [ '2.3.0' ],
439 silly audit   'p-try': [ '2.2.0' ],
439 silly audit   '@types/normalize-package-data': [ '2.4.4' ],
439 silly audit   'parse-json': [ '5.2.0' ],
439 silly audit   '@babel/code-frame': [ '7.29.0' ],
439 silly audit   'error-ex': [ '1.3.4' ],
439 silly audit   'json-parse-even-better-errors': [ '2.3.1' ],
439 silly audit   'lines-and-columns': [ '1.2.4' ],
439 silly audit   '@babel/helper-validator-identifier': [ '7.28.5' ],
439 silly audit   'js-tokens': [ '4.0.0' ],
439 silly audit   picocolors: [ '1.1.1' ],
439 silly audit   'is-arrayish': [ '0.2.1' ],
439 silly audit   'indent-string': [ '4.0.0' ],
439 silly audit   'strip-indent': [ '3.0.0' ],
439 silly audit   'shebang-regex': [ '3.0.0' ],
439 silly audit   'min-indent': [ '1.0.1' ],
439 silly audit   'spdx-correct': [ '3.2.0' ],
439 silly audit   'spdx-expression-parse': [ '3.0.1' ],
439 silly audit   'spdx-license-ids': [ '3.0.23' ],
439 silly audit   'spdx-exceptions': [ '2.5.0' ],
439 silly audit   isexe: [ '2.0.0' ],
439 silly audit   resolve: [ '1.22.11' ],
439 silly audit   'path-parse': [ '1.0.7' ],
439 silly audit   'supports-preserve-symlinks-flag': [ '1.0.0' ]
439 silly audit }
440 silly tarball no local data for resolve@https://registry.npmjs.org/resolve/-/resolve-1.22.11.tgz. Extracting by manifest.
441 silly tarball no local data for spdx-exceptions@https://registry.npmjs.org/spdx-exceptions/-/spdx-exceptions-2.5.0.tgz. Extracting by manifest.
442 silly tarball no local data for spdx-license-ids@https://registry.npmjs.org/spdx-license-ids/-/spdx-license-ids-3.0.23.tgz. Extracting by manifest.
443 silly tarball no local data for spdx-expression-parse@https://registry.npmjs.org/spdx-expression-parse/-/spdx-expression-parse-3.0.1.tgz. Extracting by manifest.
444 silly tarball no local data for spdx-correct@https://registry.npmjs.org/spdx-correct/-/spdx-correct-3.2.0.tgz. Extracting by manifest.
445 silly tarball no local data for strip-indent@https://registry.npmjs.org/strip-indent/-/strip-indent-3.0.0.tgz. Extracting by manifest.
446 silly tarball no local data for indent-string@https://registry.npmjs.org/indent-string/-/indent-string-4.0.0.tgz. Extracting by manifest.
447 silly tarball no local data for is-arrayish@https://registry.npmjs.org/is-arrayish/-/is-arrayish-0.2.1.tgz. Extracting by manifest.
448 silly tarball no local data for json-parse-even-better-errors@https://registry.npmjs.org/json-parse-even-better-errors/-/json-parse-even-better-errors-2.3.1.tgz. Extracting by manifest.
449 silly tarball no local data for lines-and-columns@https://registry.npmjs.org/lines-and-columns/-/lines-and-columns-1.2.4.tgz. Extracting by manifest.
450 silly tarball no local data for error-ex@https://registry.npmjs.org/error-ex/-/error-ex-1.3.4.tgz. Extracting by manifest.
451 silly tarball no local data for @types/normalize-package-data@https://registry.npmjs.org/@types/normalize-package-data/-/normalize-package-data-2.4.4.tgz. Extracting by manifest.
452 silly tarball no local data for p-try@https://registry.npmjs.org/p-try/-/p-try-2.2.0.tgz. Extracting by manifest.
453 silly tarball no local data for parse-json@https://registry.npmjs.org/parse-json/-/parse-json-5.2.0.tgz. Extracting by manifest.
454 silly tarball no local data for p-locate@https://registry.npmjs.org/p-locate/-/p-locate-4.1.0.tgz. Extracting by manifest.
455 silly tarball no local data for p-limit@https://registry.npmjs.org/p-limit/-/p-limit-2.3.0.tgz. Extracting by manifest.
456 silly tarball no local data for locate-path@https://registry.npmjs.org/locate-path/-/locate-path-5.0.0.tgz. Extracting by manifest.
457 silly tarball no local data for read-pkg@https://registry.npmjs.org/read-pkg/-/read-pkg-5.2.0.tgz. Extracting by manifest.
458 silly tarball no local data for yallist@https://registry.npmjs.org/yallist/-/yallist-4.0.0.tgz. Extracting by manifest.
459 silly tarball no local data for validate-npm-package-license@https://registry.npmjs.org/validate-npm-package-license/-/validate-npm-package-license-3.0.4.tgz. Extracting by manifest.
460 silly tarball no local data for lru-cache@https://registry.npmjs.org/lru-cache/-/lru-cache-6.0.0.tgz. Extracting by manifest.
461 silly tarball no local data for min-indent@https://registry.npmjs.org/min-indent/-/min-indent-1.0.1.tgz. Extracting by manifest.
462 silly tarball no local data for is-plain-obj@https://registry.npmjs.org/is-plain-obj/-/is-plain-obj-1.1.0.tgz. Extracting by manifest.
463 silly tarball no local data for kind-of@https://registry.npmjs.org/kind-of/-/kind-of-6.0.3.tgz. Extracting by manifest.
464 silly tarball no local data for quick-lru@https://registry.npmjs.org/quick-lru/-/quick-lru-4.0.1.tgz. Extracting by manifest.
465 silly tarball no local data for hosted-git-info@https://registry.npmjs.org/hosted-git-info/-/hosted-git-info-4.1.0.tgz. Extracting by manifest.
466 silly tarball no local data for map-obj@https://registry.npmjs.org/map-obj/-/map-obj-4.3.0.tgz. Extracting by manifest.
467 silly tarball no local data for camelcase@https://registry.npmjs.org/camelcase/-/camelcase-5.3.1.tgz. Extracting by manifest.
468 silly tarball no local data for yargs-parser@https://registry.npmjs.org/yargs-parser/-/yargs-parser-20.2.9.tgz. Extracting by manifest.
469 silly tarball no local data for find-up@https://registry.npmjs.org/find-up/-/find-up-4.1.0.tgz. Extracting by manifest.
470 silly tarball no local data for redent@https://registry.npmjs.org/redent/-/redent-3.0.0.tgz. Extracting by manifest.
471 silly tarball no local data for type-fest@https://registry.npmjs.org/type-fest/-/type-fest-0.18.1.tgz. Extracting by manifest.
472 silly tarball no local data for normalize-package-data@https://registry.npmjs.org/normalize-package-data/-/normalize-package-data-3.0.3.tgz. Extracting by manifest.
473 silly tarball no local data for decamelize-keys@https://registry.npmjs.org/decamelize-keys/-/decamelize-keys-1.1.1.tgz. Extracting by manifest.
474 silly tarball no local data for minimist-options@https://registry.npmjs.org/minimist-options/-/minimist-options-4.1.0.tgz. Extracting by manifest.
475 silly tarball no local data for trim-newlines@https://registry.npmjs.org/trim-newlines/-/trim-newlines-3.0.1.tgz. Extracting by manifest.
476 silly tarball no local data for decamelize@https://registry.npmjs.org/decamelize/-/decamelize-1.2.0.tgz. Extracting by manifest.
477 silly tarball no local data for hard-rejection@https://registry.npmjs.org/hard-rejection/-/hard-rejection-2.1.0.tgz. Extracting by manifest.
478 silly tarball no local data for camelcase-keys@https://registry.npmjs.org/camelcase-keys/-/camelcase-keys-6.2.2.tgz. Extracting by manifest.
479 silly tarball no local data for @types/minimist@https://registry.npmjs.org/@types/minimist/-/minimist-1.2.5.tgz. Extracting by manifest.
480 silly tarball no local data for semver-regex@https://registry.npmjs.org/semver-regex/-/semver-regex-4.0.5.tgz. Extracting by manifest.
481 silly tarball no local data for find-versions@https://registry.npmjs.org/find-versions/-/find-versions-5.1.0.tgz. Extracting by manifest.
482 silly tarball no local data for read-pkg-up@https://registry.npmjs.org/read-pkg-up/-/read-pkg-up-7.0.1.tgz. Extracting by manifest.
483 silly tarball no local data for meow@https://registry.npmjs.org/meow/-/meow-9.0.0.tgz. Extracting by manifest.
484 silly tarball no local data for bin-version-check@https://registry.npmjs.org/bin-version-check/-/bin-version-check-5.1.0.tgz. Extracting by manifest.
485 silly tarball no local data for arrify@https://registry.npmjs.org/arrify/-/arrify-3.0.0.tgz. Extracting by manifest.
486 silly tarball no local data for semver-truncate@https://registry.npmjs.org/semver-truncate/-/semver-truncate-3.0.0.tgz. Extracting by manifest.
487 silly tarball no local data for bin-version-check-cli@https://registry.npmjs.org/bin-version-check-cli/-/bin-version-check-cli-3.0.0.tgz. Extracting by manifest.
488 silly tarball no local data for semver@https://registry.npmjs.org/semver/-/semver-5.7.2.tgz. Extracting by manifest.
489 silly tarball no local data for hosted-git-info@https://registry.npmjs.org/hosted-git-info/-/hosted-git-info-2.8.9.tgz. Extracting by manifest.
490 silly tarball no local data for bin-version@https://registry.npmjs.org/bin-version/-/bin-version-6.0.0.tgz. Extracting by manifest.
491 silly tarball no local data for normalize-package-data@https://registry.npmjs.org/normalize-package-data/-/normalize-package-data-2.5.0.tgz. Extracting by manifest.
492 silly tarball no local data for type-fest@https://registry.npmjs.org/type-fest/-/type-fest-0.6.0.tgz. Extracting by manifest.
493 silly tarball no local data for arrify@https://registry.npmjs.org/arrify/-/arrify-1.0.1.tgz. Extracting by manifest.
494 silly tarball no local data for map-obj@https://registry.npmjs.org/map-obj/-/map-obj-1.0.1.tgz. Extracting by manifest.
495 silly tarball no local data for type-fest@https://registry.npmjs.org/type-fest/-/type-fest-0.8.1.tgz. Extracting by manifest.
496 http fetch GET 200 https://registry.npmjs.org/spdx-license-ids/-/spdx-license-ids-3.0.23.tgz 209ms (cache miss)
497 http fetch GET 200 https://registry.npmjs.org/indent-string/-/indent-string-4.0.0.tgz 209ms (cache miss)
498 http fetch GET 200 https://registry.npmjs.org/strip-indent/-/strip-indent-3.0.0.tgz 210ms (cache miss)
499 http fetch GET 200 https://registry.npmjs.org/spdx-expression-parse/-/spdx-expression-parse-3.0.1.tgz 210ms (cache miss)
500 http fetch GET 200 https://registry.npmjs.org/spdx-correct/-/spdx-correct-3.2.0.tgz 211ms (cache miss)
501 http fetch GET 200 https://registry.npmjs.org/spdx-exceptions/-/spdx-exceptions-2.5.0.tgz 213ms (cache miss)
502 http fetch GET 200 https://registry.npmjs.org/resolve/-/resolve-1.22.11.tgz 244ms (cache miss)
503 http fetch POST 200 https://registry.npmjs.org/-/npm/v1/security/advisories/bulk 282ms
504 silly audit report {}
505 http fetch GET 200 https://registry.npmjs.org/p-limit/-/p-limit-2.3.0.tgz 304ms (cache miss)
506 http fetch GET 200 https://registry.npmjs.org/p-locate/-/p-locate-4.1.0.tgz 304ms (cache miss)
507 http fetch GET 200 https://registry.npmjs.org/locate-path/-/locate-path-5.0.0.tgz 308ms (cache miss)
508 http fetch GET 200 https://registry.npmjs.org/read-pkg/-/read-pkg-5.2.0.tgz 316ms (cache miss)
509 http fetch GET 200 https://registry.npmjs.org/yallist/-/yallist-4.0.0.tgz 316ms (cache miss)
510 http fetch GET 200 https://registry.npmjs.org/validate-npm-package-license/-/validate-npm-package-license-3.0.4.tgz 337ms (cache miss)
511 http fetch GET 200 https://registry.npmjs.org/lru-cache/-/lru-cache-6.0.0.tgz 357ms (cache miss)
512 http fetch GET 200 https://registry.npmjs.org/min-indent/-/min-indent-1.0.1.tgz 366ms (cache miss)
513 http fetch GET 200 https://registry.npmjs.org/is-arrayish/-/is-arrayish-0.2.1.tgz 374ms (cache miss)
514 http fetch GET 200 https://registry.npmjs.org/is-plain-obj/-/is-plain-obj-1.1.0.tgz 404ms (cache miss)
515 http fetch GET 200 https://registry.npmjs.org/kind-of/-/kind-of-6.0.3.tgz 412ms (cache miss)
516 http fetch GET 200 https://registry.npmjs.org/quick-lru/-/quick-lru-4.0.1.tgz 413ms (cache miss)
517 http fetch GET 200 https://registry.npmjs.org/map-obj/-/map-obj-4.3.0.tgz 418ms (cache miss)
518 http fetch GET 200 https://registry.npmjs.org/hosted-git-info/-/hosted-git-info-4.1.0.tgz 428ms (cache miss)
519 http fetch GET 200 https://registry.npmjs.org/camelcase/-/camelcase-5.3.1.tgz 445ms (cache miss)
520 http fetch GET 200 https://registry.npmjs.org/find-up/-/find-up-4.1.0.tgz 473ms (cache miss)
521 http fetch GET 200 https://registry.npmjs.org/redent/-/redent-3.0.0.tgz 474ms (cache miss)
522 http fetch GET 200 https://registry.npmjs.org/parse-json/-/parse-json-5.2.0.tgz 502ms (cache miss)
523 http fetch GET 200 https://registry.npmjs.org/lines-and-columns/-/lines-and-columns-1.2.4.tgz 502ms (cache miss)
524 http fetch GET 200 https://registry.npmjs.org/yargs-parser/-/yargs-parser-20.2.9.tgz 500ms (cache miss)
525 http fetch GET 200 https://registry.npmjs.org/decamelize-keys/-/decamelize-keys-1.1.1.tgz 517ms (cache miss)
526 http fetch GET 200 https://registry.npmjs.org/json-parse-even-better-errors/-/json-parse-even-better-errors-2.3.1.tgz 525ms (cache miss)
527 http fetch GET 200 https://registry.npmjs.org/minimist-options/-/minimist-options-4.1.0.tgz 528ms (cache miss)
528 http fetch GET 200 https://registry.npmjs.org/normalize-package-data/-/normalize-package-data-3.0.3.tgz 528ms (cache miss)
529 http fetch GET 200 https://registry.npmjs.org/type-fest/-/type-fest-0.18.1.tgz 529ms (cache miss)
530 http fetch GET 200 https://registry.npmjs.org/hard-rejection/-/hard-rejection-2.1.0.tgz 630ms (cache miss)
531 http fetch GET 200 https://registry.npmjs.org/decamelize/-/decamelize-1.2.0.tgz 630ms (cache miss)
532 http fetch GET 200 https://registry.npmjs.org/trim-newlines/-/trim-newlines-3.0.1.tgz 630ms (cache miss)
533 http fetch GET 200 https://registry.npmjs.org/find-versions/-/find-versions-5.1.0.tgz 629ms (cache miss)
534 http fetch GET 200 https://registry.npmjs.org/semver-regex/-/semver-regex-4.0.5.tgz 630ms (cache miss)
535 http fetch GET 200 https://registry.npmjs.org/camelcase-keys/-/camelcase-keys-6.2.2.tgz 630ms (cache miss)
536 http fetch GET 200 https://registry.npmjs.org/@types/normalize-package-data/-/normalize-package-data-2.4.4.tgz 632ms (cache miss)
537 http fetch GET 200 https://registry.npmjs.org/read-pkg-up/-/read-pkg-up-7.0.1.tgz 629ms (cache miss)
538 http fetch GET 200 https://registry.npmjs.org/p-try/-/p-try-2.2.0.tgz 632ms (cache miss)
539 http fetch GET 200 https://registry.npmjs.org/error-ex/-/error-ex-1.3.4.tgz 632ms (cache miss)
540 http fetch GET 200 https://registry.npmjs.org/@types/minimist/-/minimist-1.2.5.tgz 631ms (cache miss)
541 http fetch GET 200 https://registry.npmjs.org/meow/-/meow-9.0.0.tgz 637ms (cache miss)
542 http fetch GET 200 https://registry.npmjs.org/bin-version-check/-/bin-version-check-5.1.0.tgz 714ms (cache miss)
543 http fetch GET 200 https://registry.npmjs.org/arrify/-/arrify-3.0.0.tgz 714ms (cache miss)
544 http fetch GET 200 https://registry.npmjs.org/semver-truncate/-/semver-truncate-3.0.0.tgz 719ms (cache miss)
545 http fetch GET 200 https://registry.npmjs.org/bin-version-check-cli/-/bin-version-check-cli-3.0.0.tgz 722ms (cache miss)
546 http fetch GET 200 https://registry.npmjs.org/normalize-package-data/-/normalize-package-data-2.5.0.tgz 728ms (cache miss)
547 http fetch GET 200 https://registry.npmjs.org/bin-version/-/bin-version-6.0.0.tgz 739ms (cache miss)
548 http fetch GET 200 https://registry.npmjs.org/arrify/-/arrify-1.0.1.tgz 739ms (cache miss)
549 http fetch GET 200 https://registry.npmjs.org/semver/-/semver-5.7.2.tgz 742ms (cache miss)
550 http fetch GET 200 https://registry.npmjs.org/hosted-git-info/-/hosted-git-info-2.8.9.tgz 743ms (cache miss)
551 http fetch GET 200 https://registry.npmjs.org/type-fest/-/type-fest-0.6.0.tgz 743ms (cache miss)
552 http fetch GET 200 https://registry.npmjs.org/map-obj/-/map-obj-1.0.1.tgz 742ms (cache miss)
553 http fetch GET 200 https://registry.npmjs.org/type-fest/-/type-fest-0.8.1.tgz 756ms (cache miss)
554 verbose cwd /Users/lijiahao/yasi/node_modules/yt-dlp-exec
555 verbose os Darwin 25.3.0
556 verbose node v22.12.0
557 verbose npm  v10.9.0
558 verbose exit 1
559 verbose code 1
