[     157ms] [INFO] %cDownload the React DevTools for a better development experience: https://react.dev/link/react-devtools font-weight:bold @ http://localhost:3000/_next/static/chunks/node_modules_next_dist_f3530cac._.js:2297
[     189ms] [LOG] [HMR] connected @ http://localhost:3000/_next/static/chunks/node_modules_next_dist_f3530cac._.js:2297
[     390ms] [LOG] [Fast Refresh] rebuilding @ http://localhost:3000/_next/static/chunks/node_modules_next_dist_f3530cac._.js:2297
[     562ms] [LOG] [Fast Refresh] done in 282ms @ http://localhost:3000/_next/static/chunks/node_modules_next_dist_f3530cac._.js:2297
[    1023ms] [ERROR] Failed to load resource: the server responded with a status of 500 (Internal Server Error) @ http://localhost:3000/api/reading/economy/apply:0
[    1025ms] TypeError: Cannot read properties of null (reading 'action')
    at ReadingPageContent.useCallback[pushReadingCoinFx] (http://localhost:3000/_next/static/chunks/src_app_read_page_tsx_290fd908._.js:151:26)
    at ReadingPageContent.useEffect (http://localhost:3000/_next/static/chunks/src_app_read_page_tsx_290fd908._.js:509:21)
[   18833ms] [LOG] [Fast Refresh] rebuilding @ http://localhost:3000/_next/static/chunks/node_modules_next_dist_f3530cac._.js:2297
[   18917ms] [LOG] [Fast Refresh] done in 185ms @ http://localhost:3000/_next/static/chunks/node_modules_next_dist_f3530cac._.js:2297
[   56286ms] [LOG] [Fast Refresh] rebuilding @ http://localhost:3000/_next/static/chunks/node_modules_next_dist_f3530cac._.js:2297
[   57629ms] [LOG] [Fast Refresh] done in 1447ms @ http://localhost:3000/_next/static/chunks/node_modules_next_dist_f3530cac._.js:2297
[   75461ms] [LOG] [Fast Refresh] rebuilding @ http://localhost:3000/_next/static/chunks/node_modules_next_dist_f3530cac._.js:2297
[   81640ms] [LOG] [Fast Refresh] done in 6280ms @ http://localhost:3000/_next/static/chunks/node_modules_next_dist_f3530cac._.js:2297
[   97209ms] [LOG] [Fast Refresh] rebuilding @ http://localhost:3000/_next/static/chunks/node_modules_next_dist_f3530cac._.js:2297
[   97304ms] [LOG] [Fast Refresh] done in 195ms @ http://localhost:3000/_next/static/chunks/node_modules_next_dist_f3530cac._.js:2297
[  109842ms] [ERROR] Failed to load resource: the server responded with a status of 500 (Internal Server Error) @ http://localhost:3000/api/reading/economy/apply:0
[  109845ms] TypeError: Cannot read properties of null (reading 'action')
    at ReadingPageContent.useCallback[pushReadingCoinFx] (http://localhost:3000/_next/static/chunks/src_app_read_page_tsx_290fd908._.js:151:26)
    at http://localhost:3000/_next/static/chunks/src_app_read_page_tsx_290fd908._.js:1924:75
[  122371ms] [ERROR] TTS Queue Error: AbortError: signal is aborted without reason
    at http://localhost:3000/_next/static/chunks/src_lib_d22f78a9._.js:89:49 @ http://localhost:3000/_next/static/chunks/node_modules_next_dist_f3530cac._.js:3127
[  122373ms] [ERROR] Failed to load TTS: AbortError: signal is aborted without reason
    at http://localhost:3000/_next/static/chunks/src_lib_d22f78a9._.js:89:49 @ http://localhost:3000/_next/static/chunks/node_modules_next_dist_f3530cac._.js:3127
[  122373ms] [ERROR] Failed to load TTS: AbortError: signal is aborted without reason
    at http://localhost:3000/_next/static/chunks/src_lib_d22f78a9._.js:89:49 @ http://localhost:3000/_next/static/chunks/node_modules_next_dist_f3530cac._.js:3127
[  122373ms] [ERROR] Failed to load TTS: AbortError: signal is aborted without reason
    at http://localhost:3000/_next/static/chunks/src_lib_d22f78a9._.js:89:49 @ http://localhost:3000/_next/static/chunks/node_modules_next_dist_f3530cac._.js:3127
[  122374ms] [ERROR] Failed to load TTS: AbortError: signal is aborted without reason
    at http://localhost:3000/_next/static/chunks/src_lib_d22f78a9._.js:89:49 @ http://localhost:3000/_next/static/chunks/node_modules_next_dist_f3530cac._.js:3127
[  145684ms] [LOG] [Fast Refresh] rebuilding @ http://localhost:3000/_next/static/chunks/node_modules_next_dist_f3530cac._.js:2297
[  146719ms] [LOG] [Fast Refresh] done in 1137ms @ http://localhost:3000/_next/static/chunks/node_modules_next_dist_f3530cac._.js:2297
[  235205ms] [LOG] [Fast Refresh] rebuilding @ http://localhost:3000/_next/static/chunks/node_modules_next_dist_f3530cac._.js:2297
[  235442ms] [LOG] [Fast Refresh] done in 339ms @ http://localhost:3000/_next/static/chunks/node_modules_next_dist_f3530cac._.js:2297
[  309002ms] [LOG] [Fast Refresh] rebuilding @ http://localhost:3000/_next/static/chunks/node_modules_next_dist_f3530cac._.js:2297
[  309655ms] [LOG] [Fast Refresh] done in 692ms @ http://localhost:3000/_next/static/chunks/node_modules_next_dist_f3530cac._.js:2297
[  312018ms] [ERROR] Failed to load resource: the server responded with a status of 500 (Internal Server Error) @ http://localhost:3000/api/reading/economy/apply:0
[  312020ms] TypeError: Cannot read properties of null (reading 'action')
    at ReadingPageContent.useCallback[pushReadingCoinFx] (http://localhost:3000/_next/static/chunks/src_app_read_page_tsx_290fd908._.js?id=%255Bproject%255D%252Fsrc%252Fapp%252Fread%252Fpage.tsx+%255Bapp-client%255D+%2528ecmascript%2529:150:26)
    at ReadingPageContent.useEffect (http://localhost:3000/_next/static/chunks/src_app_read_page_tsx_290fd908._.js?id=%255Bproject%255D%252Fsrc%252Fapp%252Fread%252Fpage.tsx+%255Bapp-client%255D+%2528ecmascript%2529:508:21)
[  312089ms] [ERROR] Failed to load resource: the server responded with a status of 500 (Internal Server Error) @ http://localhost:3000/api/reading/economy/apply:0
[  312095ms] TypeError: Cannot read properties of null (reading 'action')
    at ReadingPageContent.useCallback[pushReadingCoinFx] (http://localhost:3000/_next/static/chunks/src_app_read_page_tsx_290fd908._.js?id=%255Bproject%255D%252Fsrc%252Fapp%252Fread%252Fpage.tsx+%255Bapp-client%255D+%2528ecmascript%2529:150:26)
    at ReadingPageContent.useEffect (http://localhost:3000/_next/static/chunks/src_app_read_page_tsx_290fd908._.js?id=%255Bproject%255D%252Fsrc%252Fapp%252Fread%252Fpage.tsx+%255Bapp-client%255D+%2528ecmascript%2529:508:21)
[  322936ms] [LOG] [Fast Refresh] rebuilding @ http://localhost:3000/_next/static/chunks/node_modules_next_dist_f3530cac._.js:2297
[  323050ms] [LOG] [Fast Refresh] done in 190ms @ http://localhost:3000/_next/static/chunks/node_modules_next_dist_f3530cac._.js:2297
[  363082ms] [LOG] [Fast Refresh] rebuilding @ http://localhost:3000/_next/static/chunks/node_modules_next_dist_f3530cac._.js:2297
[  363105ms] [LOG] [Fast Refresh] done in 124ms @ http://localhost:3000/_next/static/chunks/node_modules_next_dist_f3530cac._.js:2297
[  363977ms] [INFO] %cDownload the React DevTools for a better development experience: https://react.dev/link/react-devtools font-weight:bold @ http://localhost:3000/_next/static/chunks/node_modules_next_dist_f3530cac._.js:2297
[  364031ms] [LOG] [HMR] connected @ http://localhost:3000/_next/static/chunks/node_modules_next_dist_f3530cac._.js:2297
[  364548ms] [LOG] [Fast Refresh] rebuilding @ http://localhost:3000/_next/static/chunks/node_modules_next_dist_f3530cac._.js:2297
[  365449ms] [LOG] [Fast Refresh] done in 1001ms @ http://localhost:3000/_next/static/chunks/node_modules_next_dist_f3530cac._.js:2297
[  365961ms] [ERROR] Failed to load resource: the server responded with a status of 500 (Internal Server Error) @ http://localhost:3000/api/reading/economy/apply:0
[  365985ms] TypeError: Cannot read properties of null (reading 'action')
    at ReadingPageContent.useCallback[pushReadingCoinFx] (http://localhost:3000/_next/static/chunks/src_app_read_page_tsx_290fd908._.js:151:26)
    at ReadingPageContent.useEffect (http://localhost:3000/_next/static/chunks/src_app_read_page_tsx_290fd908._.js:509:21)
[  403987ms] [LOG] [Fast Refresh] rebuilding @ http://localhost:3000/_next/static/chunks/node_modules_next_dist_f3530cac._.js:2297
[  404117ms] [LOG] [Fast Refresh] done in 231ms @ http://localhost:3000/_next/static/chunks/node_modules_next_dist_f3530cac._.js:2297
[  419027ms] [ERROR] Failed to load resource: the server responded with a status of 500 (Internal Server Error) @ http://localhost:3000/api/reading/economy/apply:0
[  419031ms] TypeError: Cannot read properties of null (reading 'action')
    at ReadingPageContent.useCallback[pushReadingCoinFx] (http://localhost:3000/_next/static/chunks/src_app_read_page_tsx_290fd908._.js:151:26)
    at http://localhost:3000/_next/static/chunks/src_app_read_page_tsx_290fd908._.js:762:39
[  420163ms] [LOG] [Fast Refresh] rebuilding @ http://localhost:3000/_next/static/chunks/node_modules_next_dist_f3530cac._.js:2297
[  420291ms] [LOG] [Fast Refresh] done in 230ms @ http://localhost:3000/_next/static/chunks/node_modules_next_dist_f3530cac._.js:2297
[  444673ms] [LOG] [Fast Refresh] rebuilding @ http://localhost:3000/_next/static/chunks/node_modules_next_dist_f3530cac._.js:2297
[  444865ms] [LOG] [Fast Refresh] done in 294ms @ http://localhost:3000/_next/static/chunks/node_modules_next_dist_f3530cac._.js:2297
[  447790ms] [LOG] [Fast Refresh] rebuilding @ http://localhost:3000/_next/static/chunks/node_modules_next_dist_f3530cac._.js:2297
[  447941ms] [LOG] [Fast Refresh] done in 252ms @ http://localhost:3000/_next/static/chunks/node_modules_next_dist_f3530cac._.js:2297
[  490342ms] [LOG] [Fast Refresh] rebuilding @ http://localhost:3000/_next/static/chunks/node_modules_next_dist_f3530cac._.js:2297
[  490541ms] [LOG] [Fast Refresh] done in 301ms @ http://localhost:3000/_next/static/chunks/node_modules_next_dist_f3530cac._.js:2297
[  529360ms] [LOG] [Fast Refresh] rebuilding @ http://localhost:3000/_next/static/chunks/node_modules_next_dist_f3530cac._.js:2297
[  529473ms] [LOG] [Fast Refresh] done in 215ms @ http://localhost:3000/_next/static/chunks/node_modules_next_dist_f3530cac._.js:2297
[  562431ms] [LOG] [Fast Refresh] rebuilding @ http://localhost:3000/_next/static/chunks/node_modules_next_dist_f3530cac._.js:2297
[  562638ms] [LOG] [Fast Refresh] done in 308ms @ http://localhost:3000/_next/static/chunks/node_modules_next_dist_f3530cac._.js:2297
[  598007ms] [LOG] [Fast Refresh] rebuilding @ http://localhost:3000/_next/static/chunks/node_modules_next_dist_f3530cac._.js:2297
[  598133ms] [LOG] [Fast Refresh] done in 228ms @ http://localhost:3000/_next/static/chunks/node_modules_next_dist_f3530cac._.js:2297
[  649854ms] [LOG] [Fast Refresh] rebuilding @ http://localhost:3000/_next/static/chunks/node_modules_next_dist_f3530cac._.js:2297
[  650022ms] [LOG] [Fast Refresh] done in 226ms @ http://localhost:3000/_next/static/chunks/node_modules_next_dist_f3530cac._.js:2297
[  652148ms] [ERROR] Failed to load resource: the server responded with a status of 500 (Internal Server Error) @ http://localhost:3000/api/reading/economy/apply:0
